2026-03-31 06:09:52,676 - INFO - Admin user seeded successfully
2026-03-31 06:13:15,062 - INFO - Admin user already exists
2026-03-31 06:14:01,126 - INFO - Admin user already exists
2026-03-31 06:14:05,225 - INFO - Admin user already exists
2026-03-31 06:14:21,157 - INFO - POST /auth/register | 409 | 45ms
2026-03-31 06:14:40,507 - INFO - POST /auth/login | 401 | 11ms
2026-03-31 06:15:34,352 - INFO - POST /loan/ | 401 | 24ms
2026-03-31 06:16:51,883 - INFO - POST /auth/login | 200 | 7ms
2026-03-31 06:17:10,016 - INFO - POST /auth/login | 401 | 8ms
2026-03-31 06:18:25,389 - INFO - POST /auth/login | 200 | 8ms
2026-03-31 06:18:42,854 - INFO - POST /auth/login | 200 | 5ms
2026-03-31 06:19:15,347 - INFO - POST /loan | 307 | 0ms
2026-03-31 06:19:15,362 - INFO - POST /loan/ | 422 | 7ms
2026-03-31 06:19:43,580 - INFO - POST /loan | 307 | 1ms
2026-03-31 06:19:43,594 - INFO - POST /loan/ | 422 | 8ms
2026-03-31 06:20:16,690 - INFO - POST /admin/loans | 405 | 0ms
2026-03-31 06:20:58,213 - INFO - POST /admin/loans | 405 | 0ms
2026-03-31 06:21:08,899 - INFO - GET /admin/loans | 403 | 4ms
2026-03-31 06:21:25,295 - INFO - POST /loan/ | 422 | 5ms
2026-03-31 06:22:07,884 - INFO - POST /loan/ | 422 | 4ms
2026-03-31 06:22:19,769 - INFO - POST /loan/ | 422 | 4ms
2026-03-31 06:23:11,277 - INFO - POST /auth/login | 422 | 2ms
2026-03-31 06:23:42,080 - INFO - POST /auth/login | 200 | 9ms
2026-03-31 06:24:34,390 - INFO - POST /loan | 307 | 0ms
2026-03-31 06:24:34,402 - INFO - POST /loan/ | 422 | 4ms
2026-03-31 06:24:59,404 - INFO - POST /loan | 307 | 0ms
2026-03-31 06:24:59,667 - INFO - POST /loan/ | 200 | 255ms
2026-03-31 06:26:43,651 - INFO - Admin user already exists
2026-03-31 06:27:42,470 - INFO - POST /auth/login | 200 | 53ms
2026-03-31 06:28:54,345 - INFO - GET /loan/my/2 | 403 | 5ms
2026-03-31 06:31:17,858 - INFO - Admin user already exists
2026-03-31 06:32:16,560 - INFO - Admin user already exists
2026-03-31 06:32:43,962 - INFO - Admin user already exists
2026-03-31 06:37:26,853 - INFO - Admin user already exists
2026-03-31 06:37:36,789 - INFO - Admin user already exists
2026-03-31 06:37:42,212 - INFO - Admin user already exists
2026-03-31 06:37:53,536 - INFO - Admin user already exists
2026-03-31 06:38:04,374 - INFO - Admin user already exists
2026-03-31 06:38:11,903 - INFO - Admin user already exists
2026-03-31 06:38:15,952 - INFO - Admin user already exists
2026-03-31 06:38:19,200 - INFO - Admin user already exists
2026-03-31 06:38:27,918 - INFO - POST /loan | 307 | 1ms
2026-03-31 06:38:27,956 - INFO - POST /loan/ | 422 | 33ms
2026-03-31 06:38:33,196 - INFO - Admin user already exists
2026-03-31 06:57:15,580 - INFO - Admin user already exists
2026-03-31 06:57:20,488 - INFO - Admin user already exists
2026-03-31 06:57:26,271 - INFO - Admin user already exists
2026-03-31 06:57:30,488 - INFO - Admin user already exists
2026-03-31 06:57:44,076 - INFO - Admin user already exists
2026-03-31 06:59:05,783 - INFO - Admin user already exists
2026-03-31 06:59:08,904 - INFO - POST /auth/register | 201 | 243ms
2026-03-31 06:59:08,931 - INFO - POST /auth/login | 200 | 18ms
2026-03-31 06:59:11,326 - INFO - POST /auth/register | 201 | 16ms
2026-03-31 06:59:11,343 - INFO - POST /auth/login | 200 | 8ms
2026-03-31 06:59:12,450 - INFO - POST /auth/register | 201 | 19ms
2026-03-31 06:59:12,465 - INFO - POST /auth/login | 200 | 5ms
2026-03-31 06:59:13,605 - INFO - POST /auth/register | 201 | 18ms
2026-03-31 06:59:13,621 - INFO - POST /auth/login | 200 | 7ms
2026-03-31 06:59:14,673 - INFO - POST /auth/register | 201 | 16ms
2026-03-31 06:59:14,689 - INFO - POST /auth/login | 200 | 7ms
2026-03-31 06:59:14,705 - INFO - GET /admin/loans | 403 | 5ms
2026-03-31 06:59:14,740 - INFO - POST /auth/register | 201 | 15ms
2026-03-31 06:59:14,766 - INFO - POST /auth/register | 201 | 13ms
2026-03-31 06:59:14,781 - INFO - POST /auth/register | 409 | 7ms
2026-03-31 06:59:14,796 - INFO - POST /auth/register | 422 | 5ms
2026-03-31 06:59:14,818 - INFO - POST /auth/register | 201 | 10ms
2026-03-31 06:59:14,830 - INFO - POST /auth/login | 200 | 4ms
2026-03-31 06:59:14,851 - INFO - POST /auth/register | 201 | 11ms
2026-03-31 06:59:14,864 - INFO - POST /auth/login | 401 | 5ms
2026-03-31 06:59:14,886 - INFO - POST /auth/register | 201 | 11ms
2026-03-31 06:59:14,899 - INFO - POST /auth/login | 200 | 4ms
2026-03-31 06:59:15,945 - INFO - POST /auth/register | 201 | 19ms
2026-03-31 06:59:15,961 - INFO - POST /auth/login | 200 | 7ms
2026-03-31 06:59:15,972 - INFO - POST /loan/ | 422 | 3ms
2026-03-31 06:59:15,994 - INFO - POST /auth/register | 201 | 10ms
2026-03-31 06:59:16,007 - INFO - POST /auth/login | 200 | 6ms
2026-03-31 06:59:17,473 - INFO - POST /auth/register | 201 | 16ms
2026-03-31 06:59:17,489 - INFO - POST /auth/login | 200 | 6ms
2026-03-31 06:59:18,783 - INFO - POST /auth/register | 201 | 13ms
2026-03-31 06:59:18,799 - INFO - POST /auth/login | 200 | 6ms
