2026-03-31T04:19:11.263643 - New loan application #1 by user 'user_user_79c74ae0' for home — ₹20000
2026-03-31T04:19:11.952713 - New loan application #2 by user 'user_user_57032aa3' for business — ₹25000
2026-03-31T04:19:12.055734 - New loan application #3 by user 'user_user_010b5dcf' for vehicle — ₹30000
2026-03-31T04:19:12.180288 - New loan application #4 by user 'user_user_e3277922' for education — ₹15000
2026-03-31T04:19:12.515595 - New loan application #5 by user 'loanuser_73dfb8b2' for personal — ₹10000
2026-03-31T04:19:12.645165 - New loan application #6 by user 'loanuser_c2eb98f3' for personal — ₹1000
2026-03-31T04:19:12.671421 - New loan application #7 by user 'loanuser_c2eb98f3' for personal — ₹1001
2026-03-31T04:19:12.694359 - New loan application #8 by user 'loanuser_c2eb98f3' for personal — ₹1002
2026-03-31T04:19:12.775100 - New loan application #9 by user 'loanuser_e557c1b3' for education — ₹15000
2026-03-31T04:19:12.861513 - New loan application #10 by user 'loanuser_3062713d' for education — ₹15000
2026-03-31T04:19:45.872655 - New loan application #11 by user 'user_user_c09a61d4' for home — ₹20000
2026-03-31T04:19:46.710339 - New loan application #12 by user 'user_user_1b7f7ff7' for business — ₹25000
2026-03-31T04:19:46.830883 - New loan application #13 by user 'user_user_93611241' for vehicle — ₹30000
2026-03-31T04:19:46.947409 - New loan application #14 by user 'user_user_d68c2201' for education — ₹15000
2026-03-31T04:19:47.322588 - New loan application #15 by user 'loanuser_519af9f3' for personal — ₹10000
2026-03-31T04:19:47.487118 - New loan application #16 by user 'loanuser_3b29e876' for personal — ₹1000
2026-03-31T04:19:47.522733 - New loan application #17 by user 'loanuser_3b29e876' for personal — ₹1001
2026-03-31T04:19:47.556695 - New loan application #18 by user 'loanuser_3b29e876' for personal — ₹1002
2026-03-31T04:19:47.664237 - New loan application #19 by user 'loanuser_f3cccbf3' for education — ₹15000
2026-03-31T04:19:47.774678 - New loan application #20 by user 'loanuser_1978dc92' for education — ₹15000
2026-03-31T04:34:46.623506 - New loan application #21 by user 'aditya_review11' for personal — ₹10000
2026-03-31T04:43:34.057024 - New loan application #22 by user 'aditya_review10' for personal — ₹10000
2026-03-31T04:45:11.655648 - New loan application #23 by user 'aditya_review10' for personal — ₹100000
2026-03-31T04:45:19.959464 - New loan application #24 by user 'aditya_review10' for personal — ₹100000
2026-03-31T04:51:04.841050 - Loan #22 for user '38' has been approved — notification sent
2026-03-31T04:51:05.052549 - Loan #22 status approved notification sent: email processed loan 22 for user 38 status approved, sms processed loan 22 for user 38 status approved, push processed loan 22 for user 38 status approved
2026-03-31T04:56:52.475015 - New loan application #25 by user 'aditya_review10' for personal — ₹100000
2026-03-31T05:11:19.585920 - New loan application #26 by user 'adityaadmin' for personal — ₹1000
